{"name":"webapp","hostname":"aishwarya-Inspiron-7591-2n1","pid":6092,"level":30,"msg":"User created successfully","time":"2020-11-18T03:20:30.453Z","v":0}
{"name":"webapp","hostname":"aishwarya-Inspiron-7591-2n1","pid":3329,"level":30,"msg":"User created successfully","time":"2020-11-18T04:21:56.794Z","v":0}
{"name":"webapp","hostname":"aishwarya-Inspiron-7591-2n1","pid":3329,"level":50,"msg":"Error while users creation :  UniqueConstraintError [SequelizeUniqueConstraintError]: Validation error\n    at Query.formatError (/home/aishwarya/Desktop/webappa5/webapp/node_modules/sequelize/lib/dialects/mysql/query.js:218:16)\n    at Query.run (/home/aishwarya/Desktop/webappa5/webapp/node_modules/sequelize/lib/dialects/mysql/query.js:54:18)\n    at processTicksAndRejections (internal/process/task_queues.js:97:5) {\n  errors: [\n    ValidationErrorItem {\n      message: 'username must be unique',\n      type: 'unique violation',\n      path: 'username',\n      value: 'kei.doe@example.com',\n      origin: 'DB',\n      instance: [User],\n      validatorKey: 'not_unique',\n      validatorName: null,\n      validatorArgs: []\n    }\n  ],\n  fields: { username: 'kei.doe@example.com' },\n  parent: Error: Duplicate entry 'kei.doe@example.com' for key 'username'\n      at Packet.asError (/home/aishwarya/Desktop/webappa5/webapp/node_modules/mysql2/lib/packets/packet.js:712:17)\n      at Execute.execute (/home/aishwarya/Desktop/webappa5/webapp/node_modules/mysql2/lib/commands/command.js:28:26)\n      at Connection.handlePacket (/home/aishwarya/Desktop/webappa5/webapp/node_modules/mysql2/lib/connection.js:425:32)\n      at PacketParser.onPacket (/home/aishwarya/Desktop/webappa5/webapp/node_modules/mysql2/lib/connection.js:75:12)\n      at PacketParser.executeStart (/home/aishwarya/Desktop/webappa5/webapp/node_modules/mysql2/lib/packet_parser.js:75:16)\n      at Socket.<anonymous> (/home/aishwarya/Desktop/webappa5/webapp/node_modules/mysql2/lib/connection.js:82:25)\n      at Socket.emit (events.js:315:20)\n      at Socket.EventEmitter.emit (domain.js:483:12)\n      at addChunk (_stream_readable.js:295:12)\n      at readableAddChunk (_stream_readable.js:271:9) {\n    code: 'ER_DUP_ENTRY',\n    errno: 1062,\n    sqlState: '23000',\n    sqlMessage: \"Duplicate entry 'kei.doe@example.com' for key 'username'\",\n    sql: 'INSERT INTO `User` (`id`,`first_name`,`last_name`,`password`,`username`,`account_created`,`account_updated`) VALUES (?,?,?,?,?,?,?);',\n    parameters: [\n      '2d0eb872-23d1-49cc-beba-89c1abd99800',\n      'kei',\n      'Doe',\n      '$2b$10$0OvDHSHEfFf8/iQ.T7F8FusVbnzrei1nyNbSSCi69nCmjDPgHV8Ii',\n      'kei.doe@example.com',\n      '2020-11-18T04:22:01.961Z',\n      '2020-11-18T04:22:01.961Z'\n    ]\n  },\n  original: Error: Duplicate entry 'kei.doe@example.com' for key 'username'\n      at Packet.asError (/home/aishwarya/Desktop/webappa5/webapp/node_modules/mysql2/lib/packets/packet.js:712:17)\n      at Execute.execute (/home/aishwarya/Desktop/webappa5/webapp/node_modules/mysql2/lib/commands/command.js:28:26)\n      at Connection.handlePacket (/home/aishwarya/Desktop/webappa5/webapp/node_modules/mysql2/lib/connection.js:425:32)\n      at PacketParser.onPacket (/home/aishwarya/Desktop/webappa5/webapp/node_modules/mysql2/lib/connection.js:75:12)\n      at PacketParser.executeStart (/home/aishwarya/Desktop/webappa5/webapp/node_modules/mysql2/lib/packet_parser.js:75:16)\n      at Socket.<anonymous> (/home/aishwarya/Desktop/webappa5/webapp/node_modules/mysql2/lib/connection.js:82:25)\n      at Socket.emit (events.js:315:20)\n      at Socket.EventEmitter.emit (domain.js:483:12)\n      at addChunk (_stream_readable.js:295:12)\n      at readableAddChunk (_stream_readable.js:271:9) {\n    code: 'ER_DUP_ENTRY',\n    errno: 1062,\n    sqlState: '23000',\n    sqlMessage: \"Duplicate entry 'kei.doe@example.com' for key 'username'\",\n    sql: 'INSERT INTO `User` (`id`,`first_name`,`last_name`,`password`,`username`,`account_created`,`account_updated`) VALUES (?,?,?,?,?,?,?);',\n    parameters: [\n      '2d0eb872-23d1-49cc-beba-89c1abd99800',\n      'kei',\n      'Doe',\n      '$2b$10$0OvDHSHEfFf8/iQ.T7F8FusVbnzrei1nyNbSSCi69nCmjDPgHV8Ii',\n      'kei.doe@example.com',\n      '2020-11-18T04:22:01.961Z',\n      '2020-11-18T04:22:01.961Z'\n    ]\n  },\n  sql: 'INSERT INTO `User` (`id`,`first_name`,`last_name`,`password`,`username`,`account_created`,`account_updated`) VALUES (?,?,?,?,?,?,?);'\n}","time":"2020-11-18T04:22:01.972Z","v":0}
{"name":"webapp","hostname":"aishwarya-Inspiron-7591-2n1","pid":3329,"level":30,"msg":"User created successfully","time":"2020-11-18T04:22:43.465Z","v":0}
{"name":"webapp","hostname":"aishwarya-Inspiron-7591-2n1","pid":14144,"level":30,"msg":"in api answer a question","time":"2020-12-02T15:18:57.054Z","v":0}
{"name":"webapp","hostname":"aishwarya-Inspiron-7591-2n1","pid":14144,"level":30,"msg":"Answer created successfully","time":"2020-12-02T15:18:57.056Z","v":0}
{"name":"webapp","hostname":"aishwarya-Inspiron-7591-2n1","pid":14144,"level":50,"msg":"Access denied","time":"2020-12-02T15:18:57.069Z","v":0}
{"name":"webapp","hostname":"aishwarya-Inspiron-7591-2n1","pid":14144,"level":30,"msg":"in api answer a question","time":"2020-12-02T15:19:55.627Z","v":0}
{"name":"webapp","hostname":"aishwarya-Inspiron-7591-2n1","pid":14144,"level":30,"msg":"Answer created successfully","time":"2020-12-02T15:19:55.627Z","v":0}
{"name":"webapp","hostname":"aishwarya-Inspiron-7591-2n1","pid":14144,"level":50,"msg":"Access denied","time":"2020-12-02T15:19:55.632Z","v":0}
{"name":"webapp","hostname":"aishwarya-Inspiron-7591-2n1","pid":14144,"level":30,"msg":"in api answer a question","time":"2020-12-02T15:20:07.485Z","v":0}
{"name":"webapp","hostname":"aishwarya-Inspiron-7591-2n1","pid":14144,"level":30,"msg":"Answer created successfully","time":"2020-12-02T15:20:07.485Z","v":0}
{"name":"webapp","hostname":"aishwarya-Inspiron-7591-2n1","pid":14144,"level":50,"msg":"Access denied","time":"2020-12-02T15:20:07.492Z","v":0}
{"name":"webapp","hostname":"aishwarya-Inspiron-7591-2n1","pid":14144,"level":30,"msg":"in api answer a question","time":"2020-12-02T15:21:05.696Z","v":0}
{"name":"webapp","hostname":"aishwarya-Inspiron-7591-2n1","pid":14144,"level":30,"msg":"Answer created successfully","time":"2020-12-02T15:21:05.697Z","v":0}
{"name":"webapp","hostname":"aishwarya-Inspiron-7591-2n1","pid":14144,"level":50,"msg":"Access denied","time":"2020-12-02T15:21:05.701Z","v":0}
{"name":"webapp","hostname":"aishwarya-Inspiron-7591-2n1","pid":14305,"level":30,"msg":"in api answer a question","time":"2020-12-02T15:21:19.846Z","v":0}
{"name":"webapp","hostname":"aishwarya-Inspiron-7591-2n1","pid":14305,"level":30,"msg":"Answer created successfully","time":"2020-12-02T15:21:19.848Z","v":0}
{"name":"webapp","hostname":"aishwarya-Inspiron-7591-2n1","pid":14305,"level":50,"msg":"Access denied","time":"2020-12-02T15:21:19.855Z","v":0}
{"name":"webapp","hostname":"aishwarya-Inspiron-7591-2n1","pid":14402,"level":30,"msg":"in api answer a question","time":"2020-12-02T15:22:16.888Z","v":0}
{"name":"webapp","hostname":"aishwarya-Inspiron-7591-2n1","pid":14402,"level":30,"msg":"Answer created successfully","time":"2020-12-02T15:22:16.890Z","v":0}
{"name":"webapp","hostname":"aishwarya-Inspiron-7591-2n1","pid":14402,"level":50,"msg":"Access denied","time":"2020-12-02T15:22:16.895Z","v":0}
{"name":"webapp","hostname":"aishwarya-Inspiron-7591-2n1","pid":14469,"level":30,"msg":"in api answer a question","time":"2020-12-02T15:22:51.806Z","v":0}
{"name":"webapp","hostname":"aishwarya-Inspiron-7591-2n1","pid":14469,"level":30,"msg":"Answer created successfully","time":"2020-12-02T15:22:51.809Z","v":0}
{"name":"webapp","hostname":"aishwarya-Inspiron-7591-2n1","pid":14469,"level":50,"msg":"Access denied","time":"2020-12-02T15:22:51.815Z","v":0}
{"name":"webapp","hostname":"aishwarya-Inspiron-7591-2n1","pid":14550,"level":30,"msg":"in api answer a question","time":"2020-12-02T15:23:19.436Z","v":0}
{"name":"webapp","hostname":"aishwarya-Inspiron-7591-2n1","pid":14550,"level":30,"msg":"Answer created successfully","time":"2020-12-02T15:23:19.439Z","v":0}
{"name":"webapp","hostname":"aishwarya-Inspiron-7591-2n1","pid":14550,"level":50,"msg":"Access denied","time":"2020-12-02T15:23:19.445Z","v":0}
{"name":"webapp","hostname":"aishwarya-Inspiron-7591-2n1","pid":14688,"level":30,"msg":"in api answer a question","time":"2020-12-02T15:27:35.360Z","v":0}
{"name":"webapp","hostname":"aishwarya-Inspiron-7591-2n1","pid":14688,"level":30,"msg":"Answer created successfully","time":"2020-12-02T15:27:35.362Z","v":0}
{"name":"webapp","hostname":"aishwarya-Inspiron-7591-2n1","pid":14688,"level":50,"msg":"Access denied","time":"2020-12-02T15:27:35.368Z","v":0}
{"name":"webapp","hostname":"aishwarya-Inspiron-7591-2n1","pid":14787,"level":30,"msg":"in api answer a question","time":"2020-12-02T15:28:57.624Z","v":0}
{"name":"webapp","hostname":"aishwarya-Inspiron-7591-2n1","pid":14787,"level":30,"msg":"Answer created successfully","time":"2020-12-02T15:28:57.627Z","v":0}
{"name":"webapp","hostname":"aishwarya-Inspiron-7591-2n1","pid":14787,"level":50,"msg":"Access denied","time":"2020-12-02T15:28:57.633Z","v":0}
